<?xml version="1.0" encoding="UTF-8"?>
<!-- Generated by org.testng.reporters.JUnitXMLReporter -->
<testsuite hostname="HC-UT41234C" ignored="0" name="Debug Test" tests="3" failures="2" timestamp="25 Jun 2019 04:12:22 GMT" time="15.643" errors="0">
  <testcase name="debugTest" time="2.502" classname="com.bosch.debug.DebugTest">
    <failure type="java.lang.AssertionError" message="Fail to click on element!">
      <![CDATA[java.lang.AssertionError: Fail to click on element!
at utilities.selenium.WebActions.click(WebActions.java:28)
at com.bosch.debug.GooglePage.openGooglePage(GooglePage.java:13)
at com.bosch.debug.DebugTest.debugTest(DebugTest.java:18)
at java.util.concurrent.ThreadPoolExecutor.runWorker(ThreadPoolExecutor.java:1149)
at java.util.concurrent.ThreadPoolExecutor$Worker.run(ThreadPoolExecutor.java:624)
at java.lang.Thread.run(Thread.java:748)
Caused by: java.lang.NullPointerException
at org.openqa.selenium.support.pagefactory.DefaultElementLocator.findElement(DefaultElementLocator.java:69)
at org.openqa.selenium.support.pagefactory.internal.LocatingElementHandler.invoke(LocatingElementHandler.java:38)
at com.sun.proxy.$Proxy10.click(Unknown Source)
at utilities.selenium.WebActions.click(WebActions.java:24)
... 15 more
... Removed 11 stack frames]]>
    </failure>
  </testcase> <!-- debugTest -->
  <testcase name="debugTest02" time="5.486" classname="com.bosch.debug.DebugTest02"/>
  <testcase name="debugTest03" time="2.024" classname="com.bosch.debug.DebugTest02">
    <failure type="java.lang.AssertionError" message="Fail to click on element!">
      <![CDATA[java.lang.AssertionError: Fail to click on element!
at utilities.selenium.WebActions.click(WebActions.java:28)
at com.bosch.debug.GooglePage.openGooglePage(GooglePage.java:13)
at com.bosch.debug.DebugTest02.debugTest03(DebugTest02.java:28)
at java.util.concurrent.ThreadPoolExecutor.runWorker(ThreadPoolExecutor.java:1149)
at java.util.concurrent.ThreadPoolExecutor$Worker.run(ThreadPoolExecutor.java:624)
at java.lang.Thread.run(Thread.java:748)
Caused by: java.lang.NullPointerException
at org.openqa.selenium.support.pagefactory.DefaultElementLocator.findElement(DefaultElementLocator.java:69)
at org.openqa.selenium.support.pagefactory.internal.LocatingElementHandler.invoke(LocatingElementHandler.java:38)
at com.sun.proxy.$Proxy10.click(Unknown Source)
at utilities.selenium.WebActions.click(WebActions.java:24)
... 15 more
... Removed 11 stack frames]]>
    </failure>
  </testcase> <!-- debugTest03 -->
</testsuite> <!-- Debug Test -->
