<?xml version="1.0" encoding="UTF-8"?>
<!-- Generated by org.testng.reporters.JUnitReportReporter -->
<testsuite skipped="0" hostname="HC-UT41234C" name="com.bosch.debug.DebugTest" tests="1" failures="1" timestamp="25 Jun 2019 04:12:23 GMT" time="2.502" errors="0">
  <testcase name="debugTest" time="2.502" classname="com.bosch.debug.DebugTest">
    <failure type="java.lang.AssertionError" message="Fail to click on element!">
      <![CDATA[java.lang.AssertionError: Fail to click on element!
at org.testng.Assert.fail(Assert.java:85)
at utilities.selenium.WebActions.click(WebActions.java:28)
at com.bosch.debug.GooglePage.openGooglePage(GooglePage.java:13)
at com.bosch.debug.DebugTest.debugTest(DebugTest.java:18)
at sun.reflect.NativeMethodAccessorImpl.invoke0(Native Method)
at sun.reflect.NativeMethodAccessorImpl.invoke(NativeMethodAccessorImpl.java:62)
at sun.reflect.DelegatingMethodAccessorImpl.invoke(DelegatingMethodAccessorImpl.java:43)
at java.lang.reflect.Method.invoke(Method.java:498)
at org.testng.internal.MethodInvocationHelper.invokeMethod(MethodInvocationHelper.java:124)
at org.testng.internal.Invoker.invokeMethod(Invoker.java:583)
at org.testng.internal.Invoker.invokeTestMethod(Invoker.java:719)
at org.testng.internal.Invoker.invokeTestMethods(Invoker.java:989)
at org.testng.internal.TestMethodWorker.invokeTestMethods(TestMethodWorker.java:125)
at org.testng.internal.TestMethodWorker.run(TestMethodWorker.java:109)
at java.util.concurrent.ThreadPoolExecutor.runWorker(ThreadPoolExecutor.java:1149)
at java.util.concurrent.ThreadPoolExecutor$Worker.run(ThreadPoolExecutor.java:624)
at java.lang.Thread.run(Thread.java:748)
Caused by: java.lang.NullPointerException
at org.openqa.selenium.support.pagefactory.DefaultElementLocator.findElement(DefaultElementLocator.java:69)
at org.openqa.selenium.support.pagefactory.internal.LocatingElementHandler.invoke(LocatingElementHandler.java:38)
at com.sun.proxy.$Proxy10.click(Unknown Source)
at utilities.selenium.WebActions.click(WebActions.java:24)
... 15 more
]]>
    </failure>
  </testcase> <!-- debugTest -->
</testsuite> <!-- com.bosch.debug.DebugTest -->
