<?xml version="1.0" encoding="UTF-8"?>
<testsuite xmlns:xsi="http://www.w3.org/2001/XMLSchema-instance" xsi:noNamespaceSchemaLocation="https://maven.apache.org/surefire/maven-surefire-plugin/xsd/surefire-test-report.xsd" name="TestSuite" time="17.275" tests="3" errors="0" skipped="0" failures="2">
  <properties>
[...]
</properties>
  <testcase name="debugTest" classname="com.bosch.debug.DebugTest" time="2.865">
    <failure message="Fail to click on element!" type="java.lang.AssertionError">java.lang.AssertionError: Fail to click on element!
	at com.bosch.debug.DebugTest.debugTest(DebugTest.java:18)
Caused by: java.lang.NullPointerException
	at com.bosch.debug.DebugTest.debugTest(DebugTest.java:18)
</failure>
    <system-out><![CDATA[2019-06-25 11:12:07 INFO  Log:24 - ExtentReport Path for WINDOWS: C:\Users\HQP1HC\eclipse-workspace\framework.selenium\reports

2019-06-25 11:12:07 INFO  Log:16 - [com.bosch.debug.DebugTest] is Starting...
2019-06-25 11:12:07 INFO  Log:16 - [com.bosch.debug.DebugTest02] is Starting...
2019-06-25 11:12:14 INFO  Log:16 - [debugTest02] is Starting...
2019-06-25 11:12:14 INFO  Log:16 - [debugTest] is Starting...
2019-06-25 11:12:16 ERROR Log:32 - Fail to click on element!
org.testng.Assert.fail(Assert.java:85)
utilities.selenium.WebActions.click(WebActions.java:28)
com.bosch.debug.GooglePage.openGooglePage(GooglePage.java:13)
com.bosch.debug.DebugTest.debugTest(DebugTest.java:18)
sun.reflect.NativeMethodAccessorImpl.invoke0(Native Method)
sun.reflect.NativeMethodAccessorImpl.invoke(NativeMethodAccessorImpl.java:62)
sun.reflect.DelegatingMethodAccessorImpl.invoke(DelegatingMethodAccessorImpl.java:43)
java.lang.reflect.Method.invoke(Method.java:498)
org.testng.internal.MethodInvocationHelper.invokeMethod(MethodInvocationHelper.java:124)
org.testng.internal.Invoker.invokeMethod(Invoker.java:583)
org.testng.internal.Invoker.invokeTestMethod(Invoker.java:719)
org.testng.internal.Invoker.invokeTestMethods(Invoker.java:989)
org.testng.internal.TestMethodWorker.invokeTestMethods(TestMethodWorker.java:125)
org.testng.internal.TestMethodWorker.run(TestMethodWorker.java:109)
java.util.concurrent.ThreadPoolExecutor.runWorker(ThreadPoolExecutor.java:1149)
java.util.concurrent.ThreadPoolExecutor$Worker.run(ThreadPoolExecutor.java:624)
java.lang.Thread.run(Thread.java:748)

]]></system-out>
    <system-err><![CDATA[SLF4J: Class path contains multiple SLF4J bindings.
SLF4J: Found binding in [jar:file:/C:/Users/HQP1HC/.m2/repository/org/slf4j/slf4j-simple/1.7.25/slf4j-simple-1.7.25.jar!/org/slf4j/impl/StaticLoggerBinder.class]
SLF4J: Found binding in [jar:file:/C:/Users/HQP1HC/.m2/repository/org/slf4j/slf4j-jdk14/1.7.25/slf4j-jdk14-1.7.25.jar!/org/slf4j/impl/StaticLoggerBinder.class]
SLF4J: Found binding in [jar:file:/C:/Users/HQP1HC/.m2/repository/org/slf4j/slf4j-nop/1.7.25/slf4j-nop-1.7.25.jar!/org/slf4j/impl/StaticLoggerBinder.class]
SLF4J: See http://www.slf4j.org/codes.html#multiple_bindings for an explanation.
SLF4J: Actual binding is of type [org.slf4j.impl.SimpleLoggerFactory]
1561435928640	mozrunner::runner	INFO	Running command: "C:\\Program Files (x86)\\Mozilla Firefox\\firefox.exe" "-marionette" "-foreground" "-no-remote" "-profile" "C:\\Users\\HQP1HC\\AppData\\Local\\Temp\\rust_mozprofile.U3IDqp8dgOEH"
1561435928640	mozrunner::runner	INFO	Running command: "C:\\Program Files (x86)\\Mozilla Firefox\\firefox.exe" "-marionette" "-foreground" "-no-remote" "-profile" "C:\\Users\\HQP1HC\\AppData\\Local\\Temp\\rust_mozprofile.12luILNdXP2Z"
console.error: Enterprise Policies: 
  Unknown policy: RememberPasswords
console.error: Enterprise Policies: 
  Unknown policy: RememberPasswords
1561435933482	Marionette	INFO	Listening on port 17866
1561435933494	Marionette	INFO	Listening on port 17867
1561435933696	Marionette	WARN	TLS certificate errors will be ignored for this session
1561435933697	Marionette	WARN	TLS certificate errors will be ignored for this session
Jun 25, 2019 11:12:13 AM org.openqa.selenium.remote.ProtocolHandshake createSession
INFO: Detected dialect: W3C
Jun 25, 2019 11:12:13 AM org.openqa.selenium.remote.ProtocolHandshake createSession
INFO: Detected dialect: W3C
]]></system-err>
  </testcase>
  <testcase name="debugTest02" classname="com.bosch.debug.DebugTest02" time="5.392"/>
  <testcase name="debugTest03" classname="com.bosch.debug.DebugTest02" time="2.1">
    <failure message="Fail to click on element!" type="java.lang.AssertionError">java.lang.AssertionError: Fail to click on element!
	at com.bosch.debug.DebugTest02.debugTest03(DebugTest02.java:28)
Caused by: java.lang.NullPointerException
	at com.bosch.debug.DebugTest02.debugTest03(DebugTest02.java:28)
</failure>
    <system-out><![CDATA[2019-06-25 11:12:19 INFO  Log:16 - [debugTest03] is Starting...
2019-06-25 11:12:21 ERROR Log:32 - Fail to click on element!
org.testng.Assert.fail(Assert.java:85)
utilities.selenium.WebActions.click(WebActions.java:28)
com.bosch.debug.GooglePage.openGooglePage(GooglePage.java:13)
com.bosch.debug.DebugTest02.debugTest03(DebugTest02.java:28)
sun.reflect.NativeMethodAccessorImpl.invoke0(Native Method)
sun.reflect.NativeMethodAccessorImpl.invoke(NativeMethodAccessorImpl.java:62)
sun.reflect.DelegatingMethodAccessorImpl.invoke(DelegatingMethodAccessorImpl.java:43)
java.lang.reflect.Method.invoke(Method.java:498)
org.testng.internal.MethodInvocationHelper.invokeMethod(MethodInvocationHelper.java:124)
org.testng.internal.Invoker.invokeMethod(Invoker.java:583)
org.testng.internal.Invoker.invokeTestMethod(Invoker.java:719)
org.testng.internal.Invoker.invokeTestMethods(Invoker.java:989)
org.testng.internal.TestMethodWorker.invokeTestMethods(TestMethodWorker.java:125)
org.testng.internal.TestMethodWorker.run(TestMethodWorker.java:109)
java.util.concurrent.ThreadPoolExecutor.runWorker(ThreadPoolExecutor.java:1149)
java.util.concurrent.ThreadPoolExecutor$Worker.run(ThreadPoolExecutor.java:624)
java.lang.Thread.run(Thread.java:748)

]]></system-out>
  </testcase>
</testsuite>